#
# There is insufficient memory for the Java Runtime Environment to continue.
# Native memory allocation (mmap) failed to map 53477376 bytes for Failed to commit area from 0x0000000713400000 to 0x0000000716700000 of length 53477376.
# Possible reasons:
#   The system is out of physical RAM or swap space
#   The process is running with CompressedOops enabled, and the Java Heap may be blocking the growth of the native heap
# Possible solutions:
#   Reduce memory load on the system
#   Increase physical memory or swap space
#   Check if swap backing store is full
#   Decrease Java heap size (-Xmx/-Xms)
#   Decrease number of Java threads
#   Decrease Java thread stack sizes (-Xss)
#   Set larger code cache with -XX:ReservedCodeCacheSize=
#   JVM is running with Zero Based Compressed Oops mode in which the Java heap is
#     placed in the first 32GB address space. The Java Heap base address is the
#     maximum limit for the native heap growth. Please use -XX:HeapBaseMinAddress
#     to set the Java Heap base and to place the Java Heap above 32GB virtual address.
# This output file may be truncated or incomplete.
#
#  Out of Memory Error (./src/hotspot/os/windows/os_windows.cpp:3301), pid=6816, tid=13500
#
# JRE version: OpenJDK Runtime Environment (11.0.10) (build 11.0.10+0-b96-7249189)
# Java VM: OpenJDK 64-Bit Server VM (11.0.10+0-b96-7249189, mixed mode, tiered, compressed oops, g1 gc, windows-amd64)
# No core dump will be written. Minidumps are not enabled by default on client versions of Windows
#

---------------  S U M M A R Y ------------

Command Line: org.jetbrains.kotlin.cli.jvm.K2JVMCompiler @E:\Android_series\cloudmusic\app\build\20211110_15189376220507163538.compiler.options

Host: Intel(R) Core(TM) i5-9300H CPU @ 2.40GHz, 8 cores, 15G,  Windows 10 , 64 bit Build 19041 (10.0.19041.1202)
Time: Wed Nov 10 21:22:13 2021 中国标准时间 elapsed time: 4.409745 seconds (0d 0h 0m 4s)

---------------  T H R E A D  ---------------

Current thread (0x000001ff21c71000):  VMThread "VM Thread" [stack: 0x000000124fa00000,0x000000124fb00000] [id=13500]

Stack: [0x000000124fa00000,0x000000124fb00000]
[error occurred during error reporting (printing stack bounds), id 0xc0000005, EXCEPTION_ACCESS_VIOLATION (0xc0000005) at pc=0x000001ff06060f2d]

Native frames: (J=compiled Java code, j=interpreted, Vv=VM code, C=native code)
V  [jvm.dll+0x5ecfaa]
V  [jvm.dll+0x722bd5]
V  [jvm.dll+0x72412d]
V  [jvm.dll+0x724745]
V  [jvm.dll+0x7246fb]
V  [jvm.dll+0x5ec348]
V  [jvm.dll+0x5ecad8]
C  [ntdll.dll+0xa20cf]
C  [ntdll.dll+0x51454]
C  [ntdll.dll+0xa0bfe]
C  0x000001ff06060f2d

VM_Operation (0x000000124f4fa1a0): G1CollectForAllocation, mode: safepoint, requested by thread 0x000001ff02568000


---------------  P R O C E S S  ---------------

Threads class SMR info:
_java_thread_list=0x000001ff2270b040, length=12, elements={
0x000001ff02568000, 0x000001ff21c72800, 0x000001ff21c95000, 0x000001ff2258c000,
0x000001ff2258d000, 0x000001ff2258e000, 0x000001ff22591800, 0x000001ff2259d800,
0x000001ff225a4000, 0x000001ff22714800, 0x000001ff2270e800, 0x000001ff2270d000
}

Java Threads: ( => current thread )
  0x000001ff02568000 JavaThread "main" [_thread_blocked, id=14476, stack(0x000000124f400000,0x000000124f500000)]
  0x000001ff21c72800 JavaThread "Reference Handler" daemon [_thread_blocked, id=10356, stack(0x000000124fb00000,0x000000124fc00000)]
  0x000001ff21c95000 JavaThread "Finalizer" daemon [_thread_blocked, id=4448, stack(0x000000124fc00000,0x000000124fd00000)]
  0x000001ff2258c000 JavaThread "Signal Dispatcher" daemon [_thread_blocked, id=18348, stack(0x000000124fd00000,0x000000124fe00000)]
  0x000001ff2258d000 JavaThread "Attach Listener" daemon [_thread_blocked, id=16872, stack(0x000000124fe00000,0x000000124ff00000)]
  0x000001ff2258e000 JavaThread "Service Thread" daemon [_thread_blocked, id=7012, stack(0x000000124ff00000,0x0000001250000000)]
  0x000001ff22591800 JavaThread "C2 CompilerThread0" daemon [_thread_blocked, id=15700, stack(0x0000001250000000,0x0000001250100000)]
  0x000001ff2259d800 JavaThread "C1 CompilerThread0" daemon [_thread_blocked, id=12256, stack(0x0000001250100000,0x0000001250200000)]
  0x000001ff225a4000 JavaThread "Sweeper thread" daemon [_thread_blocked, id=8924, stack(0x0000001250200000,0x0000001250300000)]
  0x000001ff22714800 JavaThread "Common-Cleaner" daemon [_thread_blocked, id=16312, stack(0x0000001250400000,0x0000001250500000)]
  0x000001ff2270e800 JavaThread "C2 CompilerThread1" daemon [_thread_blocked, id=15892, stack(0x0000001250500000,0x0000001250600000)]
  0x000001ff2270d000 JavaThread "C2 CompilerThread2" daemon [_thread_in_native, id=11404, stack(0x0000001250600000,0x0000001250700000)]

Other Threads:
=>0x000001ff21c71000 VMThread "VM Thread" [stack: 0x000000124fa00000,0x000000124fb00000] [id=13500]
  0x000001ff2270c800 WatcherThread [stack: 0x0000001250300000,0x0000001250400000] [id=17692]
  0x000001ff02580000 GCTaskThread "GC Thread#0" [stack: 0x000000124f500000,0x000000124f600000] [id=20036]
  0x000001ff22d0f000 GCTaskThread "GC Thread#1" [stack: 0x0000001250700000,0x0000001250800000] [id=16228]
  0x000001ff22b01800 GCTaskThread "GC Thread#2" [stack: 0x0000001250800000,0x0000001250900000] [id=18460]
  0x000001ff22b02000 GCTaskThread "GC Thread#3" [stack: 0x0000001250900000,0x0000001250a00000] [id=2324]
  0x000001ff22be4000 GCTaskThread "GC Thread#4" [stack: 0x0000001250a00000,0x0000001250b00000] [id=9072]
  0x000001ff22be4800 GCTaskThread "GC Thread#5" [stack: 0x0000001250b00000,0x0000001250c00000] [id=13044]
  0x000001ff025de000 ConcurrentGCThread "G1 Main Marker" [stack: 0x000000124f600000,0x000000124f700000] [id=8760]
  0x000001ff025df800 ConcurrentGCThread "G1 Conc#0" [stack: 0x000000124f700000,0x000000124f800000] [id=1860]
  0x000001ff22d51800 ConcurrentGCThread "G1 Conc#1" [stack: 0x0000001250c00000,0x0000001250d00000] [id=7120]
  0x000001ff21b4f800 ConcurrentGCThread "G1 Refine#0" [stack: 0x000000124f800000,0x000000124f900000] [id=18356]
  0x000001ff21b52000 ConcurrentGCThread "G1 Young RemSet Sampling" [stack: 0x000000124f900000,0x000000124fa00000] [id=15620]

Threads with active compile tasks:
C2 CompilerThread0   4419 3332       4       jdk.internal.loader.ClassLoaders$AppClassLoader::loadClass (40 bytes)
C2 CompilerThread1   4419 3647   !   4       org.jetbrains.kotlin.metadata.ProtoBuf$Type::<init> (875 bytes)
C2 CompilerThread2   4419 3385   !   4       jdk.internal.loader.BuiltinClassLoader::findClassOnClassPathOrNull (64 bytes)

VM state:at safepoint (normal execution)

VM Mutex/Monitor currently owned by a thread:  ([mutex/lock_event])
[0x000001ff02565510] Threads_lock - owner thread: 0x000001ff21c71000
[0x000001ff02564dc0] Heap_lock - owner thread: 0x000001ff02568000

Heap address: 0x0000000703600000, size: 4042 MB, Compressed Oops mode: Zero based, Oop shift amount: 3
Narrow klass base: 0x0000000800000000, Narrow klass shift: 0
Compressed class space size: 1073741824 Address: 0x0000000800000000

Heap:
 garbage-first heap   total 312320K, used 33331K [0x0000000703600000, 0x0000000800000000)
  region size 1024K, 9 young (9216K), 9 survivors (9216K)
 Metaspace       used 45983K, capacity 46523K, committed 46848K, reserved 1091584K
  class space    used 5373K, capacity 5580K, committed 5632K, reserved 1048576K
Heap Regions: E=young(eden), S=young(survivor), O=old, HS=humongous(starts), HC=humongous(continues), CS=collection set, F=free, A=archive, TAMS=top-at-mark-start (previous, next)
|   0|0x0000000703600000, 0x0000000703700000, 0x0000000703700000|100%|HS|  |TAMS 0x0000000703700000, 0x0000000703600000| Complete 
|   1|0x0000000703700000, 0x0000000703800000, 0x0000000703800000|100%|HC|  |TAMS 0x0000000703800000, 0x0000000703700000| Complete 
|   2|0x0000000703800000, 0x0000000703900000, 0x0000000703900000|100%|HC|  |TAMS 0x0000000703900000, 0x0000000703800000| Complete 
|   3|0x0000000703900000, 0x0000000703a00000, 0x0000000703a00000|100%|HS|  |TAMS 0x0000000703a00000, 0x0000000703900000| Complete 
|   4|0x0000000703a00000, 0x0000000703b00000, 0x0000000703b00000|100%|HC|  |TAMS 0x0000000703b00000, 0x0000000703a00000| Complete 
|   5|0x0000000703b00000, 0x0000000703c00000, 0x0000000703c00000|100%|HC|  |TAMS 0x0000000703c00000, 0x0000000703b00000| Complete 
|   6|0x0000000703c00000, 0x0000000703d00000, 0x0000000703d00000|100%|HS|  |TAMS 0x0000000703d00000, 0x0000000703c00000| Complete 
|   7|0x0000000703d00000, 0x0000000703e00000, 0x0000000703e00000|100%|HC|  |TAMS 0x0000000703e00000, 0x0000000703d00000| Complete 
|   8|0x0000000703e00000, 0x0000000703f00000, 0x0000000703f00000|100%|HC|  |TAMS 0x0000000703f00000, 0x0000000703e00000| Complete 
|   9|0x0000000703f00000, 0x0000000703f00000, 0x0000000704000000|  0%| F|  |TAMS 0x0000000703f00000, 0x0000000703f00000| Untracked 
|  10|0x0000000704000000, 0x0000000704100000, 0x0000000704100000|100%| O|  |TAMS 0x0000000704000000, 0x0000000704000000| Untracked 
|  11|0x0000000704100000, 0x0000000704200000, 0x0000000704200000|100%| O|  |TAMS 0x0000000704200000, 0x0000000704100000| Untracked 
|  12|0x0000000704200000, 0x0000000704300000, 0x0000000704300000|100%| O|  |TAMS 0x0000000704300000, 0x0000000704200000| Untracked 
|  13|0x0000000704300000, 0x0000000704400000, 0x0000000704400000|100%| O|  |TAMS 0x0000000704400000, 0x0000000704300000| Untracked 
|  14|0x0000000704400000, 0x0000000704500000, 0x0000000704500000|100%| O|  |TAMS 0x0000000704500000, 0x0000000704400000| Untracked 
|  15|0x0000000704500000, 0x0000000704600000, 0x0000000704600000|100%| O|  |TAMS 0x0000000704600000, 0x0000000704500000| Untracked 
|  16|0x0000000704600000, 0x0000000704700000, 0x0000000704700000|100%| O|  |TAMS 0x0000000704700000, 0x0000000704600000| Untracked 
|  17|0x0000000704700000, 0x0000000704800000, 0x0000000704800000|100%| O|  |TAMS 0x0000000704800000, 0x0000000704700000| Untracked 
|  18|0x0000000704800000, 0x000000070488cc00, 0x0000000704900000| 54%| O|  |TAMS 0x0000000704800000, 0x0000000704800000| Untracked 
|  19|0x0000000704900000, 0x0000000704900000, 0x0000000704a00000|  0%| F|  |TAMS 0x0000000704900000, 0x0000000704900000| Untracked 
|  20|0x0000000704a00000, 0x0000000704a00000, 0x0000000704b00000|  0%| F|  |TAMS 0x0000000704a00000, 0x0000000704a00000| Untracked 
|  21|0x0000000704b00000, 0x0000000704b00000, 0x0000000704c00000|  0%| F|  |TAMS 0x0000000704b00000, 0x0000000704b00000| Untracked 
|  22|0x0000000704c00000, 0x0000000704d00000, 0x0000000704d00000|100%| O|  |TAMS 0x0000000704d00000, 0x0000000704c00000| Untracked 
|  23|0x0000000704d00000, 0x0000000704e00000, 0x0000000704e00000|100%| O|  |TAMS 0x0000000704e00000, 0x0000000704d00000| Untracked 
|  24|0x0000000704e00000, 0x0000000704f00000, 0x0000000704f00000|100%| O|  |TAMS 0x0000000704f00000, 0x0000000704e00000| Untracked 
|  25|0x0000000704f00000, 0x0000000705000000, 0x0000000705000000|100%| O|  |TAMS 0x0000000705000000, 0x0000000704f00000| Untracked 
|  26|0x0000000705000000, 0x0000000705100000, 0x0000000705100000|100%| O|  |TAMS 0x0000000705100000, 0x0000000705000000| Untracked 
|  27|0x0000000705100000, 0x0000000705200000, 0x0000000705200000|100%| O|  |TAMS 0x00000007051e5800, 0x0000000705100000| Untracked 
|  28|0x0000000705200000, 0x0000000705200000, 0x0000000705300000|  0%| F|  |TAMS 0x0000000705200000, 0x0000000705200000| Untracked 
|  29|0x0000000705300000, 0x0000000705300000, 0x0000000705400000|  0%| F|  |TAMS 0x0000000705300000, 0x0000000705300000| Untracked 
|  30|0x0000000705400000, 0x0000000705400000, 0x0000000705500000|  0%| F|  |TAMS 0x0000000705400000, 0x0000000705400000| Untracked 
|  31|0x0000000705500000, 0x0000000705500000, 0x0000000705600000|  0%| F|  |TAMS 0x0000000705500000, 0x0000000705500000| Untracked 
|  32|0x0000000705600000, 0x0000000705600000, 0x0000000705700000|  0%| F|  |TAMS 0x0000000705600000, 0x0000000705600000| Untracked 
|  33|0x0000000705700000, 0x0000000705700000, 0x0000000705800000|  0%| F|  |TAMS 0x0000000705700000, 0x0000000705700000| Untracked 
|  34|0x0000000705800000, 0x0000000705800000, 0x0000000705900000|  0%| F|  |TAMS 0x0000000705800000, 0x0000000705800000| Untracked 
|  35|0x0000000705900000, 0x0000000705900000, 0x0000000705a00000|  0%| F|  |TAMS 0x0000000705900000, 0x0000000705900000| Untracked 
|  36|0x0000000705a00000, 0x0000000705a00000, 0x0000000705b00000|  0%| F|  |TAMS 0x0000000705a00000, 0x0000000705a00000| Untracked 
|  37|0x0000000705b00000, 0x0000000705b00000, 0x0000000705c00000|  0%| F|  |TAMS 0x0000000705b00000, 0x0000000705b00000| Untracked 
|  38|0x0000000705c00000, 0x0000000705c00000, 0x0000000705d00000|  0%| F|  |TAMS 0x0000000705c00000, 0x0000000705c00000| Untracked 
|  39|0x0000000705d00000, 0x0000000705d00000, 0x0000000705e00000|  0%| F|  |TAMS 0x0000000705d00000, 0x0000000705d00000| Untracked 
|  40|0x0000000705e00000, 0x0000000705e00000, 0x0000000705f00000|  0%| F|  |TAMS 0x0000000705e00000, 0x0000000705e00000| Untracked 
|  41|0x0000000705f00000, 0x0000000705f00000, 0x0000000706000000|  0%| F|  |TAMS 0x0000000705f00000, 0x0000000705f00000| Untracked 
|  42|0x0000000706000000, 0x0000000706000000, 0x0000000706100000|  0%| F|  |TAMS 0x0000000706000000, 0x0000000706000000| Untracked 
|  43|0x0000000706100000, 0x0000000706100000, 0x0000000706200000|  0%| F|  |TAMS 0x0000000706100000, 0x0000000706100000| Untracked 
|  44|0x0000000706200000, 0x0000000706200000, 0x0000000706300000|  0%| F|  |TAMS 0x0000000706200000, 0x0000000706200000| Untracked 
|  45|0x0000000706300000, 0x0000000706300000, 0x0000000706400000|  0%| F|  |TAMS 0x0000000706300000, 0x0000000706300000| Untracked 
|  46|0x0000000706400000, 0x0000000706400000, 0x0000000706500000|  0%| F|  |TAMS 0x0000000706400000, 0x0000000706400000| Untracked 
|  47|0x0000000706500000, 0x0000000706500000, 0x0000000706600000|  0%| F|  |TAMS 0x0000000706500000, 0x0000000706500000| Untracked 
|  48|0x0000000706600000, 0x0000000706600000, 0x0000000706700000|  0%| F|  |TAMS 0x0000000706600000, 0x0000000706600000| Untracked 
|  49|0x0000000706700000, 0x0000000706700000, 0x0000000706800000|  0%| F|  |TAMS 0x0000000706700000, 0x0000000706700000| Untracked 
|  50|0x0000000706800000, 0x0000000706800000, 0x0000000706900000|  0%| F|  |TAMS 0x0000000706800000, 0x0000000706800000| Untracked 
|  51|0x0000000706900000, 0x0000000706900000, 0x0000000706a00000|  0%| F|  |TAMS 0x0000000706900000, 0x0000000706900000| Untracked 
|  52|0x0000000706a00000, 0x0000000706a00000, 0x0000000706b00000|  0%| F|  |TAMS 0x0000000706a00000, 0x0000000706a00000| Untracked 
|  53|0x0000000706b00000, 0x0000000706b00000, 0x0000000706c00000|  0%| F|  |TAMS 0x0000000706b00000, 0x0000000706b00000| Untracked 
|  54|0x0000000706c00000, 0x0000000706c00000, 0x0000000706d00000|  0%| F|  |TAMS 0x0000000706c00000, 0x0000000706c00000| Untracked 
|  55|0x0000000706d00000, 0x0000000706d00000, 0x0000000706e00000|  0%| F|  |TAMS 0x0000000706d00000, 0x0000000706d00000| Untracked 
|  56|0x0000000706e00000, 0x0000000706e00000, 0x0000000706f00000|  0%| F|  |TAMS 0x0000000706e00000, 0x0000000706e00000| Untracked 
|  57|0x0000000706f00000, 0x0000000706f00000, 0x0000000707000000|  0%| F|  |TAMS 0x0000000706f00000, 0x0000000706f00000| Untracked 
|  58|0x0000000707000000, 0x0000000707000000, 0x0000000707100000|  0%| F|  |TAMS 0x0000000707000000, 0x0000000707000000| Untracked 
|  59|0x0000000707100000, 0x0000000707100000, 0x0000000707200000|  0%| F|  |TAMS 0x0000000707100000, 0x0000000707100000| Untracked 
|  60|0x0000000707200000, 0x0000000707200000, 0x0000000707300000|  0%| F|  |TAMS 0x0000000707200000, 0x0000000707200000| Untracked 
|  61|0x0000000707300000, 0x0000000707300000, 0x0000000707400000|  0%| F|  |TAMS 0x0000000707300000, 0x0000000707300000| Untracked 
|  62|0x0000000707400000, 0x0000000707400000, 0x0000000707500000|  0%| F|  |TAMS 0x0000000707400000, 0x0000000707400000| Untracked 
|  63|0x0000000707500000, 0x0000000707500000, 0x0000000707600000|  0%| F|  |TAMS 0x0000000707500000, 0x0000000707500000| Untracked 
|  64|0x0000000707600000, 0x0000000707600000, 0x0000000707700000|  0%| F|  |TAMS 0x0000000707600000, 0x0000000707600000| Untracked 
|  65|0x0000000707700000, 0x0000000707700000, 0x0000000707800000|  0%| F|  |TAMS 0x0000000707700000, 0x0000000707700000| Untracked 
|  66|0x0000000707800000, 0x0000000707800000, 0x0000000707900000|  0%| F|  |TAMS 0x0000000707800000, 0x0000000707800000| Untracked 
|  67|0x0000000707900000, 0x0000000707900000, 0x0000000707a00000|  0%| F|  |TAMS 0x0000000707900000, 0x0000000707900000| Untracked 
|  68|0x0000000707a00000, 0x0000000707a00000, 0x0000000707b00000|  0%| F|  |TAMS 0x0000000707a00000, 0x0000000707a00000| Untracked 
|  69|0x0000000707b00000, 0x0000000707b00000, 0x0000000707c00000|  0%| F|  |TAMS 0x0000000707b00000, 0x0000000707b00000| Untracked 
|  70|0x0000000707c00000, 0x0000000707c00000, 0x0000000707d00000|  0%| F|  |TAMS 0x0000000707c00000, 0x0000000707c00000| Untracked 
|  71|0x0000000707d00000, 0x0000000707d00000, 0x0000000707e00000|  0%| F|  |TAMS 0x0000000707d00000, 0x0000000707d00000| Untracked 
|  72|0x0000000707e00000, 0x0000000707e00000, 0x0000000707f00000|  0%| F|  |TAMS 0x0000000707e00000, 0x0000000707e00000| Untracked 
|  73|0x0000000707f00000, 0x0000000707f00000, 0x0000000708000000|  0%| F|  |TAMS 0x0000000707f00000, 0x0000000707f00000| Untracked 
|  74|0x0000000708000000, 0x0000000708000000, 0x0000000708100000|  0%| F|  |TAMS 0x0000000708000000, 0x0000000708000000| Untracked 
|  75|0x0000000708100000, 0x0000000708100000, 0x0000000708200000|  0%| F|  |TAMS 0x0000000708100000, 0x0000000708100000| Untracked 
|  76|0x0000000708200000, 0x0000000708200000, 0x0000000708300000|  0%| F|  |TAMS 0x0000000708200000, 0x0000000708200000| Untracked 
|  77|0x0000000708300000, 0x0000000708300000, 0x0000000708400000|  0%| F|  |TAMS 0x0000000708300000, 0x0000000708300000| Untracked 
|  78|0x0000000708400000, 0x0000000708400000, 0x0000000708500000|  0%| F|  |TAMS 0x0000000708400000, 0x0000000708400000| Untracked 
|  79|0x0000000708500000, 0x0000000708500000, 0x0000000708600000|  0%| F|  |TAMS 0x0000000708500000, 0x0000000708500000| Untracked 
|  80|0x0000000708600000, 0x0000000708600000, 0x0000000708700000|  0%| F|  |TAMS 0x0000000708600000, 0x0000000708600000| Untracked 
|  81|0x0000000708700000, 0x0000000708700000, 0x0000000708800000|  0%| F|  |TAMS 0x0000000708700000, 0x0000000708700000| Untracked 
|  82|0x0000000708800000, 0x0000000708800000, 0x0000000708900000|  0%| F|  |TAMS 0x0000000708800000, 0x0000000708800000| Untracked 
|  83|0x0000000708900000, 0x0000000708900000, 0x0000000708a00000|  0%| F|  |TAMS 0x0000000708900000, 0x0000000708900000| Untracked 
|  84|0x0000000708a00000, 0x0000000708a00000, 0x0000000708b00000|  0%| F|  |TAMS 0x0000000708a00000, 0x0000000708a00000| Untracked 
|  85|0x0000000708b00000, 0x0000000708b00000, 0x0000000708c00000|  0%| F|  |TAMS 0x0000000708b00000, 0x0000000708b00000| Untracked 
|  86|0x0000000708c00000, 0x0000000708c00000, 0x0000000708d00000|  0%| F|  |TAMS 0x0000000708c00000, 0x0000000708c00000| Untracked 
|  87|0x0000000708d00000, 0x0000000708d00000, 0x0000000708e00000|  0%| F|  |TAMS 0x0000000708d00000, 0x0000000708d00000| Untracked 
|  88|0x0000000708e00000, 0x0000000708e00000, 0x0000000708f00000|  0%| F|  |TAMS 0x0000000708e00000, 0x0000000708e00000| Untracked 
|  89|0x0000000708f00000, 0x0000000708f00000, 0x0000000709000000|  0%| F|  |TAMS 0x0000000708f00000, 0x0000000708f00000| Untracked 
|  90|0x0000000709000000, 0x0000000709000000, 0x0000000709100000|  0%| F|  |TAMS 0x0000000709000000, 0x0000000709000000| Untracked 
|  91|0x0000000709100000, 0x0000000709100000, 0x0000000709200000|  0%| F|  |TAMS 0x0000000709100000, 0x0000000709100000| Untracked 
|  92|0x0000000709200000, 0x0000000709200000, 0x0000000709300000|  0%| F|  |TAMS 0x0000000709200000, 0x0000000709200000| Untracked 
|  93|0x0000000709300000, 0x0000000709300000, 0x0000000709400000|  0%| F|  |TAMS 0x0000000709300000, 0x0000000709300000| Untracked 
|  94|0x0000000709400000, 0x0000000709400000, 0x0000000709500000|  0%| F|  |TAMS 0x0000000709400000, 0x0000000709400000| Untracked 
|  95|0x0000000709500000, 0x0000000709500000, 0x0000000709600000|  0%| F|  |TAMS 0x0000000709500000, 0x0000000709500000| Untracked 
|  96|0x0000000709600000, 0x0000000709600000, 0x0000000709700000|  0%| F|  |TAMS 0x0000000709600000, 0x0000000709600000| Untracked 
|  97|0x0000000709700000, 0x0000000709700000, 0x0000000709800000|  0%| F|  |TAMS 0x0000000709700000, 0x0000000709700000| Untracked 
|  98|0x0000000709800000, 0x0000000709800000, 0x0000000709900000|  0%| F|  |TAMS 0x0000000709800000, 0x0000000709800000| Untracked 
|  99|0x0000000709900000, 0x0000000709900000, 0x0000000709a00000|  0%| F|  |TAMS 0x0000000709900000, 0x0000000709900000| Untracked 
| 100|0x0000000709a00000, 0x0000000709a00000, 0x0000000709b00000|  0%| F|  |TAMS 0x0000000709a00000, 0x0000000709a00000| Untracked 
| 101|0x0000000709b00000, 0x0000000709b00000, 0x0000000709c00000|  0%| F|  |TAMS 0x0000000709b00000, 0x0000000709b00000| Untracked 
| 102|0x0000000709c00000, 0x0000000709c00000, 0x0000000709d00000|  0%| F|  |TAMS 0x0000000709c00000, 0x0000000709c00000| Untracked 
| 103|0x0000000709d00000, 0x0000000709d00000, 0x0000000709e00000|  0%| F|  |TAMS 0x0000000709d00000, 0x0000000709d00000| Untracked 
| 104|0x0000000709e00000, 0x0000000709e00000, 0x0000000709f00000|  0%| F|  |TAMS 0x0000000709e00000, 0x0000000709e00000| Untracked 
| 105|0x0000000709f00000, 0x0000000709f00000, 0x000000070a000000|  0%| F|  |TAMS 0x0000000709f00000, 0x0000000709f00000| Untracked 
| 106|0x000000070a000000, 0x000000070a000000, 0x000000070a100000|  0%| F|  |TAMS 0x000000070a000000, 0x000000070a000000| Untracked 
| 107|0x000000070a100000, 0x000000070a100000, 0x000000070a200000|  0%| F|  |TAMS 0x000000070a100000, 0x000000070a100000| Untracked 
| 108|0x000000070a200000, 0x000000070a200000, 0x000000070a300000|  0%| F|  |TAMS 0x000000070a200000, 0x000000070a200000| Untracked 
| 109|0x000000070a300000, 0x000000070a300000, 0x000000070a400000|  0%| F|  |TAMS 0x000000070a300000, 0x000000070a300000| Untracked 
| 110|0x000000070a400000, 0x000000070a400000, 0x000000070a500000|  0%| F|  |TAMS 0x000000070a400000, 0x000000070a400000| Untracked 
| 111|0x000000070a500000, 0x000000070a500000, 0x000000070a600000|  0%| F|  |TAMS 0x000000070a500000, 0x000000070a500000| Untracked 
| 112|0x000000070a600000, 0x000000070a600000, 0x000000070a700000|  0%| F|  |TAMS 0x000000070a600000, 0x000000070a600000| Untracked 
| 113|0x000000070a700000, 0x000000070a700000, 0x000000070a800000|  0%| F|  |TAMS 0x000000070a700000, 0x000000070a700000| Untracked 
| 114|0x000000070a800000, 0x000000070a800000, 0x000000070a900000|  0%| F|  |TAMS 0x000000070a800000, 0x000000070a800000| Untracked 
| 115|0x000000070a900000, 0x000000070a900000, 0x000000070aa00000|  0%| F|  |TAMS 0x000000070a900000, 0x000000070a900000| Untracked 
| 116|0x000000070aa00000, 0x000000070aa00000, 0x000000070ab00000|  0%| F|  |TAMS 0x000000070aa00000, 0x000000070aa00000| Untracked 
| 117|0x000000070ab00000, 0x000000070ab00000, 0x000000070ac00000|  0%| F|  |TAMS 0x000000070ab00000, 0x000000070ab00000| Untracked 
| 118|0x000000070ac00000, 0x000000070ac00000, 0x000000070ad00000|  0%| F|  |TAMS 0x000000070ac00000, 0x000000070ac00000| Untracked 
| 119|0x000000070ad00000, 0x000000070ad00000, 0x000000070ae00000|  0%| F|  |TAMS 0x000000070ad00000, 0x000000070ad00000| Untracked 
| 120|0x000000070ae00000, 0x000000070ae00000, 0x000000070af00000|  0%| F|  |TAMS 0x000000070ae00000, 0x000000070ae00000| Untracked 
| 121|0x000000070af00000, 0x000000070af00000, 0x000000070b000000|  0%| F|  |TAMS 0x000000070af00000, 0x000000070af00000| Untracked 
| 122|0x000000070b000000, 0x000000070b000000, 0x000000070b100000|  0%| F|  |TAMS 0x000000070b000000, 0x000000070b000000| Untracked 
| 123|0x000000070b100000, 0x000000070b100000, 0x000000070b200000|  0%| F|  |TAMS 0x000000070b100000, 0x000000070b100000| Untracked 
| 124|0x000000070b200000, 0x000000070b200000, 0x000000070b300000|  0%| F|  |TAMS 0x000000070b200000, 0x000000070b200000| Untracked 
| 125|0x000000070b300000, 0x000000070b300000, 0x000000070b400000|  0%| F|  |TAMS 0x000000070b300000, 0x000000070b300000| Untracked 
| 126|0x000000070b400000, 0x000000070b400000, 0x000000070b500000|  0%| F|  |TAMS 0x000000070b400000, 0x000000070b400000| Untracked 
| 127|0x000000070b500000, 0x000000070b500000, 0x000000070b600000|  0%| F|  |TAMS 0x000000070b500000, 0x000000070b500000| Untracked 
| 128|0x000000070b600000, 0x000000070b600000, 0x000000070b700000|  0%| F|  |TAMS 0x000000070b600000, 0x000000070b600000| Untracked 
| 129|0x000000070b700000, 0x000000070b700000, 0x000000070b800000|  0%| F|  |TAMS 0x000000070b700000, 0x000000070b700000| Untracked 
| 130|0x000000070b800000, 0x000000070b800000, 0x000000070b900000|  0%| F|  |TAMS 0x000000070b800000, 0x000000070b800000| Untracked 
| 131|0x000000070b900000, 0x000000070b900000, 0x000000070ba00000|  0%| F|  |TAMS 0x000000070b900000, 0x000000070b900000| Untracked 
| 132|0x000000070ba00000, 0x000000070ba00000, 0x000000070bb00000|  0%| F|  |TAMS 0x000000070ba00000, 0x000000070ba00000| Untracked 
| 133|0x000000070bb00000, 0x000000070bb00000, 0x000000070bc00000|  0%| F|  |TAMS 0x000000070bb00000, 0x000000070bb00000| Untracked 
| 134|0x000000070bc00000, 0x000000070bc00000, 0x000000070bd00000|  0%| F|  |TAMS 0x000000070bc00000, 0x000000070bc00000| Untracked 
| 135|0x000000070bd00000, 0x000000070bd00000, 0x000000070be00000|  0%| F|  |TAMS 0x000000070bd00000, 0x000000070bd00000| Untracked 
| 136|0x000000070be00000, 0x000000070be00000, 0x000000070bf00000|  0%| F|  |TAMS 0x000000070be00000, 0x000000070be00000| Untracked 
| 137|0x000000070bf00000, 0x000000070bf00000, 0x000000070c000000|  0%| F|  |TAMS 0x000000070bf00000, 0x000000070bf00000| Untracked 
| 138|0x000000070c000000, 0x000000070c000000, 0x000000070c100000|  0%| F|  |TAMS 0x000000070c000000, 0x000000070c000000| Untracked 
| 139|0x000000070c100000, 0x000000070c100000, 0x000000070c200000|  0%| F|  |TAMS 0x000000070c100000, 0x000000070c100000| Untracked 
| 140|0x000000070c200000, 0x000000070c200000, 0x000000070c300000|  0%| F|  |TAMS 0x000000070c200000, 0x000000070c200000| Untracked 
| 141|0x000000070c300000, 0x000000070c300000, 0x000000070c400000|  0%| F|  |TAMS 0x000000070c300000, 0x000000070c300000| Untracked 
| 142|0x000000070c400000, 0x000000070c400000, 0x000000070c500000|  0%| F|  |TAMS 0x000000070c400000, 0x000000070c400000| Untracked 
| 143|0x000000070c500000, 0x000000070c500000, 0x000000070c600000|  0%| F|  |TAMS 0x000000070c500000, 0x000000070c500000| Untracked 
| 144|0x000000070c600000, 0x000000070c600000, 0x000000070c700000|  0%| F|  |TAMS 0x000000070c600000, 0x000000070c600000| Untracked 
| 145|0x000000070c700000, 0x000000070c700000, 0x000000070c800000|  0%| F|  |TAMS 0x000000070c700000, 0x000000070c700000| Untracked 
| 146|0x000000070c800000, 0x000000070c800000, 0x000000070c900000|  0%| F|  |TAMS 0x000000070c800000, 0x000000070c800000| Untracked 
| 147|0x000000070c900000, 0x000000070c900000, 0x000000070ca00000|  0%| F|  |TAMS 0x000000070c900000, 0x000000070c900000| Untracked 
| 148|0x000000070ca00000, 0x000000070ca00000, 0x000000070cb00000|  0%| F|  |TAMS 0x000000070ca00000, 0x000000070ca00000| Untracked 
| 149|0x000000070cb00000, 0x000000070cb00000, 0x000000070cc00000|  0%| F|  |TAMS 0x000000070cb00000, 0x000000070cb00000| Untracked 
| 150|0x000000070cc00000, 0x000000070cc00000, 0x000000070cd00000|  0%| F|  |TAMS 0x000000070cc00000, 0x000000070cc00000| Untracked 
| 151|0x000000070cd00000, 0x000000070cd00000, 0x000000070ce00000|  0%| F|  |TAMS 0x000000070cd00000, 0x000000070cd00000| Untracked 
| 152|0x000000070ce00000, 0x000000070ce00000, 0x000000070cf00000|  0%| F|  |TAMS 0x000000070ce00000, 0x000000070ce00000| Untracked 
| 153|0x000000070cf00000, 0x000000070cf00000, 0x000000070d000000|  0%| F|  |TAMS 0x000000070cf00000, 0x000000070cf00000| Untracked 
| 154|0x000000070d000000, 0x000000070d000000, 0x000000070d100000|  0%| F|  |TAMS 0x000000070d000000, 0x000000070d000000| Untracked 
| 155|0x000000070d100000, 0x000000070d100000, 0x000000070d200000|  0%| F|  |TAMS 0x000000070d100000, 0x000000070d100000| Untracked 
| 156|0x000000070d200000, 0x000000070d200000, 0x000000070d300000|  0%| F|  |TAMS 0x000000070d200000, 0x000000070d200000| Untracked 
| 157|0x000000070d300000, 0x000000070d300000, 0x000000070d400000|  0%| F|  |TAMS 0x000000070d300000, 0x000000070d300000| Untracked 
| 158|0x000000070d400000, 0x000000070d400000, 0x000000070d500000|  0%| F|  |TAMS 0x000000070d400000, 0x000000070d400000| Untracked 
| 159|0x000000070d500000, 0x000000070d500000, 0x000000070d600000|  0%| F|  |TAMS 0x000000070d500000, 0x000000070d500000| Untracked 
| 160|0x000000070d600000, 0x000000070d600000, 0x000000070d700000|  0%| F|  |TAMS 0x000000070d600000, 0x000000070d600000| Untracked 
| 161|0x000000070d700000, 0x000000070d700000, 0x000000070d800000|  0%| F|  |TAMS 0x000000070d700000, 0x000000070d700000| Untracked 
| 162|0x000000070d800000, 0x000000070d800000, 0x000000070d900000|  0%| F|  |TAMS 0x000000070d800000, 0x000000070d800000| Untracked 
| 163|0x000000070d900000, 0x000000070d900000, 0x000000070da00000|  0%| F|  |TAMS 0x000000070d900000, 0x000000070d900000| Untracked 
| 164|0x000000070da00000, 0x000000070da00000, 0x000000070db00000|  0%| F|  |TAMS 0x000000070da00000, 0x000000070da00000| Untracked 
| 165|0x000000070db00000, 0x000000070db00000, 0x000000070dc00000|  0%| F|  |TAMS 0x000000070db00000, 0x000000070db00000| Untracked 
| 166|0x000000070dc00000, 0x000000070dc00000, 0x000000070dd00000|  0%| F|  |TAMS 0x000000070dc00000, 0x000000070dc00000| Untracked 
| 167|0x000000070dd00000, 0x000000070dd00000, 0x000000070de00000|  0%| F|  |TAMS 0x000000070dd00000, 0x000000070dd00000| Untracked 
| 168|0x000000070de00000, 0x000000070de00000, 0x000000070df00000|  0%| F|  |TAMS 0x000000070de00000, 0x000000070de00000| Untracked 
| 169|0x000000070df00000, 0x000000070df00000, 0x000000070e000000|  0%| F|  |TAMS 0x000000070df00000, 0x000000070df00000| Untracked 
| 170|0x000000070e000000, 0x000000070e000000, 0x000000070e100000|  0%| F|  |TAMS 0x000000070e000000, 0x000000070e000000| Untracked 
| 171|0x000000070e100000, 0x000000070e100000, 0x000000070e200000|  0%| F|  |TAMS 0x000000070e100000, 0x000000070e100000| Untracked 
| 172|0x000000070e200000, 0x000000070e200000, 0x000000070e300000|  0%| F|  |TAMS 0x000000070e200000, 0x000000070e200000| Untracked 
| 173|0x000000070e300000, 0x000000070e300000, 0x000000070e400000|  0%| F|  |TAMS 0x000000070e300000, 0x000000070e300000| Untracked 
| 174|0x000000070e400000, 0x000000070e400000, 0x000000070e500000|  0%| F|  |TAMS 0x000000070e400000, 0x000000070e400000| Untracked 
| 175|0x000000070e500000, 0x000000070e500000, 0x000000070e600000|  0%| F|  |TAMS 0x000000070e500000, 0x000000070e500000| Untracked 
| 176|0x000000070e600000, 0x000000070e600000, 0x000000070e700000|  0%| F|  |TAMS 0x000000070e600000, 0x000000070e600000| Untracked 
| 177|0x000000070e700000, 0x000000070e700000, 0x000000070e800000|  0%| F|  |TAMS 0x000000070e700000, 0x000000070e700000| Untracked 
| 178|0x000000070e800000, 0x000000070e800000, 0x000000070e900000|  0%| F|  |TAMS 0x000000070e800000, 0x000000070e800000| Untracked 
| 179|0x000000070e900000, 0x000000070e900000, 0x000000070ea00000|  0%| F|  |TAMS 0x000000070e900000, 0x000000070e900000| Untracked 
| 180|0x000000070ea00000, 0x000000070eb00000, 0x000000070eb00000|100%| S|CS|TAMS 0x000000070ea00000, 0x000000070ea00000| Complete 
| 181|0x000000070eb00000, 0x000000070ec00000, 0x000000070ec00000|100%| S|CS|TAMS 0x000000070eb00000, 0x000000070eb00000| Complete 
| 182|0x000000070ec00000, 0x000000070ed00000, 0x000000070ed00000|100%| S|CS|TAMS 0x000000070ec00000, 0x000000070ec00000| Complete 
| 183|0x000000070ed00000, 0x000000070ee00000, 0x000000070ee00000|100%| S|CS|TAMS 0x000000070ed00000, 0x000000070ed00000| Complete 
| 184|0x000000070ee00000, 0x000000070ef00000, 0x000000070ef00000|100%| S|CS|TAMS 0x000000070ee00000, 0x000000070ee00000| Complete 
| 185|0x000000070ef00000, 0x000000070f000000, 0x000000070f000000|100%| S|CS|TAMS 0x000000070ef00000, 0x000000070ef00000| Complete 
| 186|0x000000070f000000, 0x000000070f100000, 0x000000070f100000|100%| S|CS|TAMS 0x000000070f000000, 0x000000070f000000| Complete 
| 187|0x000000070f100000, 0x000000070f200000, 0x000000070f200000|100%| S|CS|TAMS 0x000000070f100000, 0x000000070f100000| Complete 
| 188|0x000000070f200000, 0x000000070f300000, 0x000000070f300000|100%| S|CS|TAMS 0x000000070f200000, 0x000000070f200000| Complete 
| 189|0x000000070f300000, 0x000000070f300000, 0x000000070f400000|  0%| F|  |TAMS 0x000000070f300000, 0x000000070f300000| Untracked 
| 190|0x000000070f400000, 0x000000070f400000, 0x000000070f500000|  0%| F|  |TAMS 0x000000070f400000, 0x000000070f400000| Untracked 
| 191|0x000000070f500000, 0x000000070f500000, 0x000000070f600000|  0%| F|  |TAMS 0x000000070f500000, 0x000000070f500000| Untracked 
| 192|0x000000070f600000, 0x000000070f600000, 0x000000070f700000|  0%| F|  |TAMS 0x000000070f600000, 0x000000070f600000| Untracked 
| 193|0x000000070f700000, 0x000000070f700000, 0x000000070f800000|  0%| F|  |TAMS 0x000000070f700000, 0x000000070f700000| Untracked 
| 194|0x000000070f800000, 0x000000070f800000, 0x000000070f900000|  0%| F|  |TAMS 0x000000070f800000, 0x000000070f800000| Untracked 
| 195|0x000000070f900000, 0x000000070f900000, 0x000000070fa00000|  0%| F|  |TAMS 0x000000070f900000, 0x000000070f900000| Untracked 
| 196|0x000000070fa00000, 0x000000070fa00000, 0x000000070fb00000|  0%| F|  |TAMS 0x000000070fa00000, 0x000000070fa00000| Untracked 
| 197|0x000000070fb00000, 0x000000070fb00000, 0x000000070fc00000|  0%| F|  |TAMS 0x000000070fb00000, 0x000000070fb00000| Untracked 
| 198|0x000000070fc00000, 0x000000070fc00000, 0x000000070fd00000|  0%| F|  |TAMS 0x000000070fc00000, 0x000000070fc00000| Untracked 
| 199|0x000000070fd00000, 0x000000070fd00000, 0x000000070fe00000|  0%| F|  |TAMS 0x000000070fd00000, 0x000000070fd00000| Untracked 
| 200|0x000000070fe00000, 0x000000070fe00000, 0x000000070ff00000|  0%| F|  |TAMS 0x000000070fe00000, 0x000000070fe00000| Untracked 
| 201|0x000000070ff00000, 0x000000070ff00000, 0x0000000710000000|  0%| F|  |TAMS 0x000000070ff00000, 0x000000070ff00000| Untracked 
| 202|0x0000000710000000, 0x0000000710000000, 0x0000000710100000|  0%| F|  |TAMS 0x0000000710000000, 0x0000000710000000| Untracked 
| 203|0x0000000710100000, 0x0000000710100000, 0x0000000710200000|  0%| F|  |TAMS 0x0000000710100000, 0x0000000710100000| Untracked 
| 204|0x0000000710200000, 0x0000000710200000, 0x0000000710300000|  0%| F|  |TAMS 0x0000000710200000, 0x0000000710200000| Untracked 
| 205|0x0000000710300000, 0x0000000710300000, 0x0000000710400000|  0%| F|  |TAMS 0x0000000710300000, 0x0000000710300000| Untracked 
| 206|0x0000000710400000, 0x0000000710400000, 0x0000000710500000|  0%| F|  |TAMS 0x0000000710400000, 0x0000000710400000| Untracked 
| 207|0x0000000710500000, 0x0000000710500000, 0x0000000710600000|  0%| F|  |TAMS 0x0000000710500000, 0x0000000710500000| Untracked 
| 208|0x0000000710600000, 0x0000000710600000, 0x0000000710700000|  0%| F|  |TAMS 0x0000000710600000, 0x0000000710600000| Untracked 
| 209|0x0000000710700000, 0x0000000710700000, 0x0000000710800000|  0%| F|  |TAMS 0x0000000710700000, 0x0000000710700000| Untracked 
| 210|0x0000000710800000, 0x0000000710800000, 0x0000000710900000|  0%| F|  |TAMS 0x0000000710800000, 0x0000000710800000| Untracked 
| 211|0x0000000710900000, 0x0000000710900000, 0x0000000710a00000|  0%| F|  |TAMS 0x0000000710900000, 0x0000000710900000| Untracked 
| 212|0x0000000710a00000, 0x0000000710a00000, 0x0000000710b00000|  0%| F|  |TAMS 0x0000000710a00000, 0x0000000710a00000| Untracked 
| 213|0x0000000710b00000, 0x0000000710b00000, 0x0000000710c00000|  0%| F|  |TAMS 0x0000000710b00000, 0x0000000710b00000| Untracked 
| 214|0x0000000710c00000, 0x0000000710c00000, 0x0000000710d00000|  0%| F|  |TAMS 0x0000000710c00000, 0x0000000710c00000| Untracked 
| 215|0x0000000710d00000, 0x0000000710d00000, 0x0000000710e00000|  0%| F|  |TAMS 0x0000000710d00000, 0x0000000710d00000| Untracked 
| 216|0x0000000710e00000, 0x0000000710e00000, 0x0000000710f00000|  0%| F|  |TAMS 0x0000000710e00000, 0x0000000710e00000| Untracked 
| 217|0x0000000710f00000, 0x0000000710f00000, 0x0000000711000000|  0%| F|  |TAMS 0x0000000710f00000, 0x0000000710f00000| Untracked 
| 218|0x0000000711000000, 0x0000000711000000, 0x0000000711100000|  0%| F|  |TAMS 0x0000000711000000, 0x0000000711000000| Untracked 
| 219|0x0000000711100000, 0x0000000711100000, 0x0000000711200000|  0%| F|  |TAMS 0x0000000711100000, 0x0000000711100000| Untracked 
| 220|0x0000000711200000, 0x0000000711200000, 0x0000000711300000|  0%| F|  |TAMS 0x0000000711200000, 0x0000000711200000| Untracked 
| 221|0x0000000711300000, 0x0000000711300000, 0x0000000711400000|  0%| F|  |TAMS 0x0000000711300000, 0x0000000711300000| Untracked 
| 222|0x0000000711400000, 0x0000000711400000, 0x0000000711500000|  0%| F|  |TAMS 0x0000000711400000, 0x0000000711400000| Untracked 
| 223|0x0000000711500000, 0x0000000711500000, 0x0000000711600000|  0%| F|  |TAMS 0x0000000711500000, 0x0000000711500000| Untracked 
| 224|0x0000000711600000, 0x0000000711600000, 0x0000000711700000|  0%| F|  |TAMS 0x0000000711600000, 0x0000000711600000| Untracked 
| 225|0x0000000711700000, 0x0000000711700000, 0x0000000711800000|  0%| F|  |TAMS 0x0000000711700000, 0x0000000711700000| Untracked 
| 226|0x0000000711800000, 0x0000000711800000, 0x0000000711900000|  0%| F|  |TAMS 0x0000000711800000, 0x0000000711800000| Untracked 
| 227|0x0000000711900000, 0x0000000711900000, 0x0000000711a00000|  0%| F|  |TAMS 0x0000000711900000, 0x0000000711900000| Untracked 
| 228|0x0000000711a00000, 0x0000000711a00000, 0x0000000711b00000|  0%| F|  |TAMS 0x0000000711a00000, 0x0000000711a00000| Untracked 
| 229|0x0000000711b00000, 0x0000000711b00000, 0x0000000711c00000|  0%| F|  |TAMS 0x0000000711b00000, 0x0000000711b00000| Untracked 
| 230|0x0000000711c00000, 0x0000000711c00000, 0x0000000711d00000|  0%| F|  |TAMS 0x0000000711c00000, 0x0000000711c00000| Untracked 
| 231|0x0000000711d00000, 0x0000000711d00000, 0x0000000711e00000|  0%| F|  |TAMS 0x0000000711d00000, 0x0000000711d00000| Untracked 
| 232|0x0000000711e00000, 0x0000000711e00000, 0x0000000711f00000|  0%| F|  |TAMS 0x0000000711e00000, 0x0000000711e00000| Untracked 
| 233|0x0000000711f00000, 0x0000000711f00000, 0x0000000712000000|  0%| F|  |TAMS 0x0000000711f00000, 0x0000000711f00000| Untracked 
| 234|0x0000000712000000, 0x0000000712000000, 0x0000000712100000|  0%| F|  |TAMS 0x0000000712000000, 0x0000000712000000| Untracked 
| 235|0x0000000712100000, 0x0000000712100000, 0x0000000712200000|  0%| F|  |TAMS 0x0000000712100000, 0x0000000712100000| Untracked 
| 236|0x0000000712200000, 0x0000000712200000, 0x0000000712300000|  0%| F|  |TAMS 0x0000000712200000, 0x0000000712200000| Untracked 
| 237|0x0000000712300000, 0x0000000712300000, 0x0000000712400000|  0%| F|  |TAMS 0x0000000712300000, 0x0000000712300000| Untracked 
| 238|0x0000000712400000, 0x0000000712400000, 0x0000000712500000|  0%| F|  |TAMS 0x0000000712400000, 0x0000000712400000| Untracked 
| 239|0x0000000712500000, 0x0000000712500000, 0x0000000712600000|  0%| F|  |TAMS 0x0000000712500000, 0x0000000712500000| Untracked 
| 240|0x0000000712600000, 0x0000000712600000, 0x0000000712700000|  0%| F|  |TAMS 0x0000000712600000, 0x0000000712600000| Untracked 
| 241|0x0000000712700000, 0x0000000712700000, 0x0000000712800000|  0%| F|  |TAMS 0x0000000712700000, 0x0000000712700000| Untracked 
| 242|0x0000000712800000, 0x0000000712800000, 0x0000000712900000|  0%| F|  |TAMS 0x0000000712800000, 0x0000000712800000| Untracked 
| 243|0x0000000712900000, 0x0000000712900000, 0x0000000712a00000|  0%| F|  |TAMS 0x0000000712900000, 0x0000000712900000| Untracked 
| 244|0x0000000712a00000, 0x0000000712a00000, 0x0000000712b00000|  0%| F|  |TAMS 0x0000000712a00000, 0x0000000712a00000| Untracked 
| 245|0x0000000712b00000, 0x0000000712b00000, 0x0000000712c00000|  0%| F|  |TAMS 0x0000000712b00000, 0x0000000712b00000| Untracked 
| 246|0x0000000712c00000, 0x0000000712c00000, 0x0000000712d00000|  0%| F|  |TAMS 0x0000000712c00000, 0x0000000712c00000| Untracked 
| 247|0x0000000712d00000, 0x0000000712d00000, 0x0000000712e00000|  0%| F|  |TAMS 0x0000000712d00000, 0x0000000712d00000| Untracked 
| 248|0x0000000712e00000, 0x0000000712e00000, 0x0000000712f00000|  0%| F|  |TAMS 0x0000000712e00000, 0x0000000712e00000| Untracked 
| 249|0x0000000712f00000, 0x0000000712f00000, 0x0000000713000000|  0%| F|  |TAMS 0x0000000712f00000, 0x0000000712f00000| Untracked 
| 250|0x0000000713000000, 0x0000000713000000, 0x0000000713100000|  0%| F|  |TAMS 0x0000000713000000, 0x0000000713000000| Untracked 
| 251|0x0000000713100000, 0x0000000713100000, 0x0000000713200000|  0%| F|  |TAMS 0x0000000713100000, 0x0000000713100000| Untracked 
| 252|0x0000000713200000, 0x0000000713200000, 0x0000000713300000|  0%| F|  |TAMS 0x0000000713200000, 0x0000000713200000| Untracked 
| 253|0x0000000713300000, 0x0000000713300000, 0x0000000713400000|  0%| F|  |TAMS 0x0000000713300000, 0x0000000713300000| Untracked 

Card table byte_map: [0x000001ff162c0000,0x000001ff16ab0000] _byte_map_base: 0x000001ff12aa5000

Marking Bits (Prev, Next): (CMBitMap*) 0x000001ff025cd9e8, (CMBitMap*) 0x000001ff025cda20
 Prev Bits: [0x000001ff172a0000, 0x000001ff1b1c8000)
 Next Bits: [0x000001ff1b1d0000, 0x000001ff1f0f8000)

Polling page: 0x000001ff00cc0000

Metaspace:

Usage:
  Non-class:     39.98 MB capacity,    39.66 MB (>99%) used,   267.90 KB ( <1%) free+waste,    65.00 KB ( <1%) overhead. 
      Class:      5.45 MB capacity,     5.25 MB ( 96%) used,   179.29 KB (  3%) free+waste,    27.38 KB ( <1%) overhead. 
       Both:     45.43 MB capacity,    44.91 MB ( 99%) used,   447.19 KB ( <1%) free+waste,    92.38 KB ( <1%) overhead. 

Virtual space:
  Non-class space:       42.00 MB reserved,      40.25 MB ( 96%) committed 
      Class space:        1.00 GB reserved,       5.50 MB ( <1%) committed 
             Both:        1.04 GB reserved,      45.75 MB (  4%) committed 

Chunk freelists:
   Non-Class:  81.00 KB
       Class:  20.00 KB
        Both:  101.00 KB

MaxMetaspaceSize: 17179869184.00 GB
CompressedClassSpaceSize: 1.00 GB

CodeHeap 'non-profiled nmethods': size=120000Kb used=1637Kb max_used=1637Kb free=118362Kb
 bounds [0x000001ff0db30000, 0x000001ff0dda0000, 0x000001ff15060000]
CodeHeap 'profiled nmethods': size=120000Kb used=8031Kb max_used=8031Kb free=111968Kb
 bounds [0x000001ff06600000, 0x000001ff06de0000, 0x000001ff0db30000]
CodeHeap 'non-nmethods': size=5760Kb used=1244Kb max_used=1253Kb free=4515Kb
 bounds [0x000001ff06060000, 0x000001ff062d0000, 0x000001ff06600000]
 total_blobs=4242 nmethods=3698 adapters=452
 compilation: enabled
              stopped_count=0, restarted_count=0
 full_count=0

Compilation events (20 events):
Event: 4.384 Thread 0x000001ff2259d800 3705       1       org.jetbrains.kotlin.metadata.ProtoBuf$Annotation$Argument$Value$Type::getNumber (5 bytes)
Event: 4.385 Thread 0x000001ff2259d800 nmethod 3705 0x000001ff0dcc9190 code [0x000001ff0dcc9340, 0x000001ff0dcc93f8]
Event: 4.385 Thread 0x000001ff2259d800 3709       3       org.jetbrains.kotlin.protobuf.FieldSet::writeElement (36 bytes)
Event: 4.385 Thread 0x000001ff2259d800 nmethod 3709 0x000001ff06dcab90 code [0x000001ff06dcade0, 0x000001ff06dcb668]
Event: 4.385 Thread 0x000001ff2259d800 3710       3       org.jetbrains.kotlin.protobuf.FieldSet::writeElementNoTag (378 bytes)
Event: 4.388 Thread 0x000001ff2259d800 nmethod 3710 0x000001ff06dcba10 code [0x000001ff06dcc040, 0x000001ff06dcf798]
Event: 4.388 Thread 0x000001ff2259d800 3704       3       org.jetbrains.kotlin.protobuf.CodedOutputStream::writeEnum (12 bytes)
Event: 4.388 Thread 0x000001ff2259d800 nmethod 3704 0x000001ff06dd0690 code [0x000001ff06dd0880, 0x000001ff06dd0c08]
Event: 4.388 Thread 0x000001ff2259d800 3714       3       org.jetbrains.kotlin.protobuf.CodedOutputStream::computeEnumSize (10 bytes)
Event: 4.389 Thread 0x000001ff2259d800 nmethod 3714 0x000001ff06dd0d90 code [0x000001ff06dd0f80, 0x000001ff06dd1278]
Event: 4.389 Thread 0x000001ff2259d800 3712       3       org.jetbrains.kotlin.protobuf.CodedOutputStream::writeEnumNoTag (6 bytes)
Event: 4.389 Thread 0x000001ff2259d800 nmethod 3712 0x000001ff06dd1410 code [0x000001ff06dd15e0, 0x000001ff06dd17f8]
Event: 4.389 Thread 0x000001ff2259d800 3720       3       org.jetbrains.kotlin.metadata.ProtoBuf$Annotation$Argument::getSerializedSize (73 bytes)
Event: 4.389 Thread 0x000001ff2259d800 nmethod 3720 0x000001ff06dd1910 code [0x000001ff06dd1b60, 0x000001ff06dd2298]
Event: 4.389 Thread 0x000001ff2259d800 3721       3       org.jetbrains.kotlin.metadata.ProtoBuf$Annotation$Argument$Value::getSerializedSize (311 bytes)
Event: 4.392 Thread 0x000001ff2259d800 nmethod 3721 0x000001ff06dd2590 code [0x000001ff06dd2a60, 0x000001ff06dd4c48]
Event: 4.392 Thread 0x000001ff2259d800 3722       3       org.jetbrains.kotlin.metadata.ProtoBuf$Annotation::writeTo (72 bytes)
Event: 4.393 Thread 0x000001ff2259d800 nmethod 3722 0x000001ff06dd5910 code [0x000001ff06dd5be0, 0x000001ff06dd68f8]
Event: 4.393 Thread 0x000001ff2259d800 3723       3       org.jetbrains.kotlin.metadata.ProtoBuf$Annotation$Argument::writeTo (52 bytes)
Event: 4.393 Thread 0x000001ff2259d800 nmethod 3723 0x000001ff06dd6d90 code [0x000001ff06dd7020, 0x000001ff06dd78b8]

GC Heap History (9 events):
Event: 0.427 GC heap before
{Heap before GC invocations=0 (full 0):
 garbage-first heap   total 260096K, used 27648K [0x0000000703600000, 0x0000000800000000)
  region size 1024K, 24 young (24576K), 0 survivors (0K)
 Metaspace       used 12253K, capacity 12341K, committed 12544K, reserved 1060864K
  class space    used 1147K, capacity 1174K, committed 1280K, reserved 1048576K
}
Event: 0.430 GC heap after
{Heap after GC invocations=1 (full 0):
 garbage-first heap   total 260096K, used 5953K [0x0000000703600000, 0x0000000800000000)
  region size 1024K, 3 young (3072K), 3 survivors (3072K)
 Metaspace       used 12253K, capacity 12341K, committed 12544K, reserved 1060864K
  class space    used 1147K, capacity 1174K, committed 1280K, reserved 1048576K
}
Event: 0.962 GC heap before
{Heap before GC invocations=1 (full 0):
 garbage-first heap   total 260096K, used 51009K [0x0000000703600000, 0x0000000800000000)
  region size 1024K, 43 young (44032K), 3 survivors (3072K)
 Metaspace       used 20947K, capacity 21168K, committed 21248K, reserved 1069056K
  class space    used 2204K, capacity 2282K, committed 2304K, reserved 1048576K
}
Event: 0.970 GC heap after
{Heap after GC invocations=2 (full 0):
 garbage-first heap   total 260096K, used 10028K [0x0000000703600000, 0x0000000800000000)
  region size 1024K, 7 young (7168K), 7 survivors (7168K)
 Metaspace       used 20947K, capacity 21168K, committed 21248K, reserved 1069056K
  class space    used 2204K, capacity 2282K, committed 2304K, reserved 1048576K
}
Event: 1.843 GC heap before
{Heap before GC invocations=3 (full 0):
 garbage-first heap   total 260096K, used 68396K [0x0000000703600000, 0x0000000800000000)
  region size 1024K, 56 young (57344K), 7 survivors (7168K)
 Metaspace       used 31106K, capacity 31547K, committed 31872K, reserved 1077248K
  class space    used 3660K, capacity 3863K, committed 3968K, reserved 1048576K
}
Event: 1.853 GC heap after
{Heap after GC invocations=4 (full 0):
 garbage-first heap   total 260096K, used 25044K [0x0000000703600000, 0x0000000800000000)
  region size 1024K, 7 young (7168K), 7 survivors (7168K)
 Metaspace       used 31106K, capacity 31547K, committed 31872K, reserved 1077248K
  class space    used 3660K, capacity 3863K, committed 3968K, reserved 1048576K
}
Event: 2.331 GC heap before
{Heap before GC invocations=4 (full 0):
 garbage-first heap   total 260096K, used 51668K [0x0000000703600000, 0x0000000800000000)
  region size 1024K, 30 young (30720K), 7 survivors (7168K)
 Metaspace       used 35278K, capacity 35762K, committed 35840K, reserved 1081344K
  class space    used 4326K, capacity 4542K, committed 4608K, reserved 1048576K
}
Event: 2.337 GC heap after
{Heap after GC invocations=5 (full 0):
 garbage-first heap   total 260096K, used 25063K [0x0000000703600000, 0x0000000800000000)
  region size 1024K, 3 young (3072K), 3 survivors (3072K)
 Metaspace       used 35278K, capacity 35762K, committed 35840K, reserved 1081344K
  class space    used 4326K, capacity 4542K, committed 4608K, reserved 1048576K
}
Event: 4.394 GC heap before
{Heap before GC invocations=6 (full 0):
 garbage-first heap   total 260096K, used 89575K [0x0000000703600000, 0x0000000800000000)
  region size 1024K, 65 young (66560K), 3 survivors (3072K)
 Metaspace       used 45983K, capacity 46523K, committed 46848K, reserved 1091584K
  class space    used 5373K, capacity 5580K, committed 5632K, reserved 1048576K
}

Deoptimization events (20 events):
Event: 4.124 Thread 0x000001ff02568000 Uncommon trap: trap_request=0xffffffc6 fr.pc=0x000001ff0dc4045c relative=0x000000000000009c
Event: 4.124 Thread 0x000001ff02568000 Uncommon trap: reason=bimorphic_or_optimized_type_check action=maybe_recompile pc=0x000001ff0dc4045c method=java.util.AbstractList$Itr.hasNext()Z @ 8 c2
Event: 4.124 Thread 0x000001ff02568000 DEOPT PACKING pc=0x000001ff0dc4045c sp=0x000000124f4fc2d0
Event: 4.124 Thread 0x000001ff02568000 DEOPT UNPACKING pc=0x000001ff06087b2f sp=0x000000124f4fc268 mode 2
Event: 4.197 Thread 0x000001ff02568000 Uncommon trap: trap_request=0xffffffc6 fr.pc=0x000001ff0dc4045c relative=0x000000000000009c
Event: 4.197 Thread 0x000001ff02568000 Uncommon trap: reason=bimorphic_or_optimized_type_check action=maybe_recompile pc=0x000001ff0dc4045c method=java.util.AbstractList$Itr.hasNext()Z @ 8 c2
Event: 4.197 Thread 0x000001ff02568000 DEOPT PACKING pc=0x000001ff0dc4045c sp=0x000000124f4fbef0
Event: 4.197 Thread 0x000001ff02568000 DEOPT UNPACKING pc=0x000001ff06087b2f sp=0x000000124f4fbe88 mode 2
Event: 4.198 Thread 0x000001ff02568000 Uncommon trap: trap_request=0xffffffc6 fr.pc=0x000001ff0dc4045c relative=0x000000000000009c
Event: 4.198 Thread 0x000001ff02568000 Uncommon trap: reason=bimorphic_or_optimized_type_check action=maybe_recompile pc=0x000001ff0dc4045c method=java.util.AbstractList$Itr.hasNext()Z @ 8 c2
Event: 4.198 Thread 0x000001ff02568000 DEOPT PACKING pc=0x000001ff0dc4045c sp=0x000000124f4fbef0
Event: 4.198 Thread 0x000001ff02568000 DEOPT UNPACKING pc=0x000001ff06087b2f sp=0x000000124f4fbe88 mode 2
Event: 4.221 Thread 0x000001ff02568000 Uncommon trap: trap_request=0xffffffc6 fr.pc=0x000001ff0dc4045c relative=0x000000000000009c
Event: 4.221 Thread 0x000001ff02568000 Uncommon trap: reason=bimorphic_or_optimized_type_check action=maybe_recompile pc=0x000001ff0dc4045c method=java.util.AbstractList$Itr.hasNext()Z @ 8 c2
Event: 4.221 Thread 0x000001ff02568000 DEOPT PACKING pc=0x000001ff0dc4045c sp=0x000000124f4fbef0
Event: 4.221 Thread 0x000001ff02568000 DEOPT UNPACKING pc=0x000001ff06087b2f sp=0x000000124f4fbe88 mode 2
Event: 4.278 Thread 0x000001ff02568000 DEOPT PACKING pc=0x000001ff069f2a24 sp=0x000000124f4fa2a0
Event: 4.278 Thread 0x000001ff02568000 DEOPT UNPACKING pc=0x000001ff0608794e sp=0x000000124f4f9840 mode 0
Event: 4.287 Thread 0x000001ff02568000 DEOPT PACKING pc=0x000001ff06cc1b7f sp=0x000000124f4fa8b0
Event: 4.287 Thread 0x000001ff02568000 DEOPT UNPACKING pc=0x000001ff0608794e sp=0x000000124f4f9d00 mode 0

Classes redefined (0 events):
No events

Internal exceptions (20 events):
Event: 0.941 Thread 0x000001ff02568000 Exception <a 'java/lang/NoSuchMethodError'{0x0000000710cd3248}: 'long java.lang.invoke.DirectMethodHandle$Holder.invokeStaticInit(java.lang.Object)'> (0x0000000710cd3248) thrown at [./src/hotspot/share/interpreter/linkResolver.cpp, line 773]
Event: 0.988 Thread 0x000001ff02568000 Exception <a 'java/lang/NoSuchMethodError'{0x000000071321eaa8}: 'int java.lang.invoke.DirectMethodHandle$Holder.invokeStaticInit(java.lang.Object, java.lang.Object, java.lang.Object)'> (0x000000071321eaa8) thrown at [./src/hotspot/share/interpreter/linkResolver.cpp, line 773]
Event: 0.992 Thread 0x000001ff02568000 Exception <a 'java/lang/NoSuchMethodError'{0x000000071324a160}: 'int java.lang.invoke.DirectMethodHandle$Holder.invokeStaticInit(java.lang.Object, java.lang.Object)'> (0x000000071324a160) thrown at [./src/hotspot/share/interpreter/linkResolver.cpp, line 773]
Event: 1.177 Thread 0x000001ff02568000 Exception <a 'java/lang/NoSuchMethodError'{0x00000007129f6768}: 'java.lang.Object java.lang.invoke.DirectMethodHandle$Holder.invokeStatic(java.lang.Object, java.lang.Object, java.lang.Object, java.lang.Object, java.lang.Object, java.lang.Object, java.lang.Object, java.lang.Object, java.lang.Object, java.lang.Object, java.lang.Object, java.lang.Object, java.lang.Object, java.lang.Object, java.lang.Object)'> (0x00000007129f6768) thrown at [./src/hotspot/share/interpreter/linkResolver.cpp, line 773]
Event: 1.178 Thread 0x000001ff02568000 Exception <a 'java/lang/NoSuchMethodError'{0x0000000712804c10}: 'java.lang.Object java.lang.invoke.DirectMethodHandle$Holder.invokeStatic(java.lang.Object, java.lang.Object, java.lang.Object, java.lang.Object, java.lang.Object, java.lang.Object, java.lang.Object, java.lang.Object, java.lang.Object, java.lang.Object, java.lang.Object, java.lang.Object, java.lang.Object, java.lang.Object, java.lang.Object, java.lang.Object)'> (0x0000000712804c10) thrown at [./src/hotspot/share/interpreter/linkResolver.cpp, l
Event: 1.179 Thread 0x000001ff02568000 Exception <a 'java/lang/NoSuchMethodError'{0x0000000712812b28}: 'java.lang.Object java.lang.invoke.DirectMethodHandle$Holder.invokeSpecial(java.lang.Object, java.lang.Object, int, int, java.lang.Object, java.lang.Object, java.lang.Object)'> (0x0000000712812b28) thrown at [./src/hotspot/share/interpreter/linkResolver.cpp, line 773]
Event: 1.179 Thread 0x000001ff02568000 Exception <a 'java/lang/NoSuchMethodError'{0x0000000712816360}: 'java.lang.Object java.lang.invoke.DelegatingMethodHandle$Holder.reinvoke_L(java.lang.Object, int, int, java.lang.Object, java.lang.Object, java.lang.Object)'> (0x0000000712816360) thrown at [./src/hotspot/share/interpreter/linkResolver.cpp, line 773]
Event: 1.179 Thread 0x000001ff02568000 Exception <a 'java/lang/NoSuchMethodError'{0x000000071281a6e8}: 'java.lang.Object java.lang.invoke.DirectMethodHandle$Holder.invokeStatic(java.lang.Object, java.lang.Object, java.lang.Object, java.lang.Object, int)'> (0x000000071281a6e8) thrown at [./src/hotspot/share/interpreter/linkResolver.cpp, line 773]
Event: 1.228 Thread 0x000001ff02568000 Implicit null exception at 0x000001ff0dbbdc2c to 0x000001ff0dbbddda
Event: 1.279 Thread 0x000001ff02568000 Exception <a 'java/lang/NoSuchMethodError'{0x0000000712393918}: 'void java.lang.invoke.DirectMethodHandle$Holder.invokeStatic(java.lang.Object, java.lang.Object, java.lang.Object, java.lang.Object)'> (0x0000000712393918) thrown at [./src/hotspot/share/interpreter/linkResolver.cpp, line 773]
Event: 1.302 Thread 0x000001ff02568000 Exception <a 'java/lang/NoSuchMethodError'{0x00000007122e1760}: 'void java.lang.invoke.DirectMethodHandle$Holder.invokeSpecial(java.lang.Object, java.lang.Object)'> (0x00000007122e1760) thrown at [./src/hotspot/share/interpreter/linkResolver.cpp, line 773]
Event: 1.344 Thread 0x000001ff02568000 Exception <a 'java/lang/NoSuchMethodError'{0x0000000711f844a0}: 'void java.lang.invoke.DirectMethodHandle$Holder.invokeStaticInit(java.lang.Object, java.lang.Object)'> (0x0000000711f844a0) thrown at [./src/hotspot/share/interpreter/linkResolver.cpp, line 773]
Event: 1.352 Thread 0x000001ff02568000 Exception <a 'java/lang/NoSuchMethodError'{0x0000000711fc78e8}: 'void java.lang.invoke.DirectMethodHandle$Holder.invokeInterface(java.lang.Object, java.lang.Object)'> (0x0000000711fc78e8) thrown at [./src/hotspot/share/interpreter/linkResolver.cpp, line 773]
Event: 1.474 Thread 0x000001ff02568000 Exception <a 'java/lang/NoSuchMethodError'{0x00000007118d29a0}: 'void java.lang.invoke.DirectMethodHandle$Holder.invokeVirtual(java.lang.Object, java.lang.Object)'> (0x00000007118d29a0) thrown at [./src/hotspot/share/interpreter/linkResolver.cpp, line 773]
Event: 1.484 Thread 0x000001ff02568000 Exception <a 'java/lang/NoSuchMethodError'{0x00000007117496e8}: 'int java.lang.invoke.DirectMethodHandle$Holder.invokeVirtual(java.lang.Object, java.lang.Object)'> (0x00000007117496e8) thrown at [./src/hotspot/share/interpreter/linkResolver.cpp, line 773]
Event: 2.225 Thread 0x000001ff02568000 Exception <a 'java/lang/NoSuchMethodError'{0x0000000712345dd0}: 'java.lang.Object java.lang.invoke.DirectMethodHandle$Holder.invokeVirtual(java.lang.Object, java.lang.Object, java.lang.Object)'> (0x0000000712345dd0) thrown at [./src/hotspot/share/interpreter/linkResolver.cpp, line 773]
Event: 3.180 Thread 0x000001ff02568000 Exception <a 'java/lang/NoSuchMethodError'{0x0000000710d13ee8}: 'java.lang.Object java.lang.invoke.Invokers$Holder.linkToTargetMethod(java.lang.Object, int, java.lang.Object)'> (0x0000000710d13ee8) thrown at [./src/hotspot/share/interpreter/linkResolver.cpp, line 773]
Event: 3.328 Thread 0x000001ff02568000 Exception <a 'java/lang/NoSuchMethodError'{0x0000000710bdb930}: 'java.lang.Object java.lang.invoke.DirectMethodHandle$Holder.invokeStatic(java.lang.Object, java.lang.Object, java.lang.Object, int)'> (0x0000000710bdb930) thrown at [./src/hotspot/share/interpreter/linkResolver.cpp, line 773]
Event: 3.328 Thread 0x000001ff02568000 Exception <a 'java/lang/NoSuchMethodError'{0x0000000710bdf5a0}: 'java.lang.Object java.lang.invoke.DirectMethodHandle$Holder.invokeSpecial(java.lang.Object, java.lang.Object, java.lang.Object, java.lang.Object, int)'> (0x0000000710bdf5a0) thrown at [./src/hotspot/share/interpreter/linkResolver.cpp, line 773]
Event: 3.328 Thread 0x000001ff02568000 Exception <a 'java/lang/NoSuchMethodError'{0x0000000710be28b0}: 'java.lang.Object java.lang.invoke.Invokers$Holder.linkToTargetMethod(java.lang.Object, java.lang.Object, int, java.lang.Object)'> (0x0000000710be28b0) thrown at [./src/hotspot/share/interpreter/linkResolver.cpp, line 773]

Events (20 events):
Event: 4.252 loading class org/jetbrains/kotlin/resolve/jvm/checkers/JvmSimpleNameBacktickChecker$checkIdentifier$1 done
Event: 4.252 loading class org/jetbrains/kotlin/resolve/scopes/receivers/PackageQualifier
Event: 4.252 loading class org/jetbrains/kotlin/resolve/scopes/receivers/PackageQualifier done
Event: 4.252 loading class org/jetbrains/kotlin/resolve/scopes/receivers/QualifierKt
Event: 4.252 loading class org/jetbrains/kotlin/resolve/scopes/receivers/QualifierKt done
Event: 4.253 loading class org/jetbrains/kotlin/psi/psiUtil/KtPsiUtilKt$getTopmostParentQualifiedExpressionForSelector$1
Event: 4.253 loading class org/jetbrains/kotlin/psi/psiUtil/KtPsiUtilKt$getTopmostParentQualifiedExpressionForSelector$1 done
Event: 4.267 loading class java/util/AbstractList$RandomAccessSubList
Event: 4.267 loading class java/util/AbstractList$SubList
Event: 4.267 loading class java/util/AbstractList$SubList done
Event: 4.267 loading class java/util/AbstractList$RandomAccessSubList done
Event: 4.267 loading class java/util/AbstractList$SubList$1
Event: 4.267 loading class java/util/AbstractList$SubList$1 done
Event: 4.267 loading class java/util/AbstractList$ListItr
Event: 4.267 loading class java/util/AbstractList$ListItr done
Event: 4.267 Executing VM operation: Deoptimize
Event: 4.268 Executing VM operation: Deoptimize done
Event: 4.276 loading class org/jetbrains/kotlin/load/kotlin/FileBasedKotlinClass$OuterAndInnerName
Event: 4.276 loading class org/jetbrains/kotlin/load/kotlin/FileBasedKotlinClass$OuterAndInnerName done
Event: 4.394 Executing VM operation: G1CollectForAllocation


Dynamic libraries:
0x00007ff7a4cf0000 - 0x00007ff7a4cfa000 	D:\dev\Android_Studio\jre\bin\java.exe
0x00007ffa71e30000 - 0x00007ffa72025000 	C:\Windows\SYSTEM32\ntdll.dll
0x00007ffa70a90000 - 0x00007ffa70b4e000 	C:\Windows\System32\KERNEL32.DLL
0x00007ffa6f720000 - 0x00007ffa6f9e9000 	C:\Windows\System32\KERNELBASE.dll
0x00007ffa6f5f0000 - 0x00007ffa6f6f0000 	C:\Windows\System32\ucrtbase.dll
0x00007ffa4c7e0000 - 0x00007ffa4c7f7000 	D:\dev\Android_Studio\jre\bin\VCRUNTIME140.dll
0x00007ffa48dc0000 - 0x00007ffa48dd9000 	D:\dev\Android_Studio\jre\bin\jli.dll
0x00007ffa708e0000 - 0x00007ffa70a81000 	C:\Windows\System32\USER32.dll
0x00007ffa6f6f0000 - 0x00007ffa6f712000 	C:\Windows\System32\win32u.dll
0x00007ffa719d0000 - 0x00007ffa719fb000 	C:\Windows\System32\GDI32.dll
0x00007ffa56cc0000 - 0x00007ffa56f5a000 	C:\Windows\WinSxS\amd64_microsoft.windows.common-controls_6595b64144ccf1df_6.0.19041.1110_none_60b5254171f9507e\COMCTL32.dll
0x00007ffa6f9f0000 - 0x00007ffa6fafb000 	C:\Windows\System32\gdi32full.dll
0x00007ffa715d0000 - 0x00007ffa7166e000 	C:\Windows\System32\msvcrt.dll
0x00007ffa6f550000 - 0x00007ffa6f5ed000 	C:\Windows\System32\msvcp_win.dll
0x00007ffa70b50000 - 0x00007ffa70b80000 	C:\Windows\System32\IMM32.DLL
0x00007ffa337c0000 - 0x00007ffa3385d000 	D:\dev\Android_Studio\jre\bin\msvcp140.dll
0x00007ffa10690000 - 0x00007ffa1115f000 	D:\dev\Android_Studio\jre\bin\server\jvm.dll
0x00007ffa71ae0000 - 0x00007ffa71b8c000 	C:\Windows\System32\ADVAPI32.dll
0x00007ffa704f0000 - 0x00007ffa7058b000 	C:\Windows\System32\sechost.dll
0x00007ffa70c60000 - 0x00007ffa70d8a000 	C:\Windows\System32\RPCRT4.dll
0x00007ffa715c0000 - 0x00007ffa715c8000 	C:\Windows\System32\PSAPI.DLL
0x00007ffa4a990000 - 0x00007ffa4a9b7000 	C:\Windows\SYSTEM32\WINMM.dll
0x00007ffa631b0000 - 0x00007ffa631ba000 	C:\Windows\SYSTEM32\VERSION.dll
0x00007ffa66c20000 - 0x00007ffa66c29000 	C:\Windows\SYSTEM32\WSOCK32.dll
0x00007ffa70740000 - 0x00007ffa707ab000 	C:\Windows\System32\WS2_32.dll
0x00007ffa6dd90000 - 0x00007ffa6dda2000 	C:\Windows\SYSTEM32\kernel.appcore.dll
0x00007ffa62e90000 - 0x00007ffa62ea1000 	D:\dev\Android_Studio\jre\bin\verify.dll
0x00007ffa6da20000 - 0x00007ffa6dc04000 	C:\Windows\SYSTEM32\DBGHELP.DLL
0x00007ffa5ad10000 - 0x00007ffa5ad3c000 	C:\Windows\SYSTEM32\dbgcore.DLL
0x00007ffa6fc60000 - 0x00007ffa6fce3000 	C:\Windows\System32\bcryptPrimitives.dll
0x00007ffa59390000 - 0x00007ffa593b9000 	D:\dev\Android_Studio\jre\bin\java.dll
0x00007ffa64f30000 - 0x00007ffa64f3b000 	D:\dev\Android_Studio\jre\bin\jimage.dll
0x00007ffa59c20000 - 0x00007ffa59c38000 	D:\dev\Android_Studio\jre\bin\zip.dll
0x00007ffa70d90000 - 0x00007ffa714cf000 	C:\Windows\System32\SHELL32.dll
0x00007ffa6d170000 - 0x00007ffa6d900000 	C:\Windows\SYSTEM32\windows.storage.dll
0x00007ffa71670000 - 0x00007ffa719c5000 	C:\Windows\System32\combase.dll
0x00007ffa6eec0000 - 0x00007ffa6eeec000 	C:\Windows\SYSTEM32\Wldp.dll
0x00007ffa71d40000 - 0x00007ffa71ded000 	C:\Windows\System32\SHCORE.dll
0x00007ffa70410000 - 0x00007ffa70465000 	C:\Windows\System32\shlwapi.dll
0x00007ffa6f490000 - 0x00007ffa6f4af000 	C:\Windows\SYSTEM32\profapi.dll
0x00007ffa58410000 - 0x00007ffa5842a000 	D:\dev\Android_Studio\jre\bin\net.dll
0x00007ffa65ef0000 - 0x00007ffa65ff8000 	C:\Windows\SYSTEM32\WINHTTP.dll
0x00007ffa6eca0000 - 0x00007ffa6ed0a000 	C:\Windows\system32\mswsock.dll
0x00007ffa57a50000 - 0x00007ffa57a64000 	D:\dev\Android_Studio\jre\bin\nio.dll

dbghelp: loaded successfully - version: 4.0.5 - missing functions: none
symbol engine: initialized successfully - sym options: 0x614 - pdb path: .;D:\dev\Android_Studio\jre\bin;C:\Windows\SYSTEM32;C:\Windows\WinSxS\amd64_microsoft.windows.common-controls_6595b64144ccf1df_6.0.19041.1110_none_60b5254171f9507e;D:\dev\Android_Studio\jre\bin\server

VM Arguments:
java_command: org.jetbrains.kotlin.cli.jvm.K2JVMCompiler @E:\Android_series\cloudmusic\app\build\20211110_15189376220507163538.compiler.options
java_class_path (initial): D:\dev\Gradle\caches\modules-2\files-2.1\org.jetbrains.kotlin\kotlin-compiler-embeddable\1.5.31\cc18c29253541dc57c25c3ef514d63c7953ae1a6\kotlin-compiler-embeddable-1.5.31.jar;D:\dev\Gradle\caches\modules-2\files-2.1\org.jetbrains.kotlin\kotlin-reflect\1.5.31\1523fcd842a47da0820cea772b19c51056fec8a9\kotlin-reflect-1.5.31.jar;D:\dev\Gradle\caches\modules-2\files-2.1\org.jetbrains.kotlin\kotlin-stdlib\1.5.31\6628d61d0f5603568e72d2d5915d2c034b4f1c55\kotlin-stdlib-1.5.31.jar;D:\dev\Gradle\caches\modules-2\files-2.1\org.jetbrains.kotlin\kotlin-script-runtime\1.5.31\aaea854be2cfc06373dfc11be5a6ba9ca5ca84a6\kotlin-script-runtime-1.5.31.jar;D:\dev\Gradle\caches\modules-2\files-2.1\org.jetbrains.kotlin\kotlin-daemon-embeddable\1.5.31\d19b549661e28c62781683dc7c7e34bf416974f1\kotlin-daemon-embeddable-1.5.31.jar;D:\dev\Gradle\caches\modules-2\files-2.1\org.jetbrains.intellij.deps\trove4j\1.0.20181211\216c2e14b070f334479d800987affe4054cd563f\trove4j-1.0.20181211.jar;D:\dev\Gradle\caches\modules-2\files-2.1\org.jetbrains\annotations\13.0\919f0dfe192fb4e063e7dacadee7f8bb9a2672a9\annotations-13.0.jar;D:\dev\Gradle\caches\modules-2\files-2.1\org.jetbrains.kotlin\kotlin-stdlib-common\1.5.31\43331609c7de811fed085e0dfd150874b157c32\kotlin-stdlib-common-1.5.31.jar
Launcher Type: SUN_STANDARD

[Global flags]
     intx CICompilerCount                          = 4                                         {product} {ergonomic}
     uint ConcGCThreads                            = 2                                         {product} {ergonomic}
     uint G1ConcRefinementThreads                  = 8                                         {product} {ergonomic}
   size_t G1HeapRegionSize                         = 1048576                                   {product} {ergonomic}
    uintx GCDrainStackTargetSize                   = 64                                        {product} {ergonomic}
   size_t InitialHeapSize                          = 266338304                                 {product} {ergonomic}
   size_t MarkStackSize                            = 4194304                                   {product} {ergonomic}
   size_t MaxHeapSize                              = 4238344192                                {product} {ergonomic}
   size_t MaxNewSize                               = 2542796800                                {product} {ergonomic}
   size_t MinHeapDeltaBytes                        = 1048576                                   {product} {ergonomic}
    uintx NonNMethodCodeHeapSize                   = 5836300                                {pd product} {ergonomic}
    uintx NonProfiledCodeHeapSize                  = 122910970                              {pd product} {ergonomic}
    uintx ProfiledCodeHeapSize                     = 122910970                              {pd product} {ergonomic}
    uintx ReservedCodeCacheSize                    = 251658240                              {pd product} {ergonomic}
     bool SegmentedCodeCache                       = true                                      {product} {ergonomic}
     bool UseCompressedClassPointers               = true                                 {lp64_product} {ergonomic}
     bool UseCompressedOops                        = true                                 {lp64_product} {ergonomic}
     bool UseG1GC                                  = true                                      {product} {ergonomic}
     bool UseLargePagesIndividualAllocation        = false                                  {pd product} {ergonomic}

Logging:
Log output configuration:
 #0: stdout all=warning uptime,level,tags
 #1: stderr all=off uptime,level,tags

Environment Variables:
JAVA_HOME=D:\dev\java\jdk17
PATH=D:\dev\python\Scripts\;D:\dev\python\;C:\Program Files\Common Files\Oracle\Java\javapath;C:\Windows\system32;C:\Windows;C:\Windows\System32\Wbem;C:\Windows\System32\WindowsPowerShell\v1.0\;C:\Windows\System32\OpenSSH\;C:\Program Files (x86)\NVIDIA Corporation\PhysX\Common;D:\dev\java\jdk17\bin;C:\Program Files\dotnet\;C:\Users\saigy\AppData\Local\Microsoft\WindowsApps;C:\Users\saigy\.dotnet\tools;D:\dev\Git\cmd;C:\Program Files\MySQL\MySQL Server 8.0\bin;D:\dev\MinGw\mingw64\bin;D:\dev\nodejs\;C:\Program Files\MySQL\MySQL Shell 8.0\bin\;C:\Users\Yuki\AppData\Local\Microsoft\WindowsApps;C:\Users\Yuki\.dotnet\tools;D:\develop\Microsoft VS Code\bin;D:\dev\IntelliJ IDEA Community Edition 2021.1.1\bin;C:\Users\Yuki\AppData\Local\atom\bin;C:\Users\Yuki\.dotnet\tools;C:\Users\Yuki\AppData\Roaming\npm
USERNAME=Yuki
OS=Windows_NT
PROCESSOR_IDENTIFIER=Intel64 Family 6 Model 158 Stepping 10, GenuineIntel



---------------  S Y S T E M  ---------------

OS: Windows 10 , 64 bit Build 19041 (10.0.19041.1202)
OS uptime: 3 days 0:34 hours
Hyper-V role detected

CPU:total 8 (initial active 8) (4 cores per cpu, 2 threads per core) family 6 model 158 stepping 10 microcode 0xea, cmov, cx8, fxsr, mmx, sse, sse2, sse3, ssse3, sse4.1, sse4.2, popcnt, avx, avx2, aes, clmul, erms, 3dnowpref, lzcnt, ht, tsc, tscinvbit, bmi1, bmi2, adx, fma

Memory: 4k page, system-wide physical 16165M (770M free)
TotalPageFile size 38801M (AvailPageFile size 51M)
current process WorkingSet (physical memory assigned to process): 276M, peak: 276M
current process commit charge ("private bytes"): 466M, peak: 517M

vm_info: OpenJDK 64-Bit Server VM (11.0.10+0-b96-7249189) for windows-amd64 JRE (11.0.10+0-b96-7249189), built on Mar 31 2021 21:44:00 by "builder" with MS VC++ 14.0 (VS2015)

END.
